<!DOCTYPE html>
<html>
<head>
<meta http-equiv="Content-Type" content="text/html; charset=utf-8"/>
<meta http-equiv="x-ua-compatible" content="IE=edge"/>
<title>Test results - TestRunner</title>
<link href="../css/base-style.css" rel="stylesheet" type="text/css"/>
<link href="../css/style.css" rel="stylesheet" type="text/css"/>
<script src="../js/report.js" type="text/javascript"></script>
</head>
<body>
<div id="content">
<h1>TestRunner</h1>
<div class="breadcrumbs">
<a href="../index.html">all</a> &gt; 
<a href="../packages/com.ecommerce.runners.html">com.ecommerce.runners</a> &gt; TestRunner</div>
<div id="summary">
<table>
<tr>
<td>
<div class="summaryGroup">
<table>
<tr>
<td>
<div class="infoBox" id="tests">
<div class="counter">13</div>
<p>tests</p>
</div>
</td>
<td>
<div class="infoBox" id="failures">
<div class="counter">13</div>
<p>failures</p>
</div>
</td>
<td>
<div class="infoBox" id="ignored">
<div class="counter">0</div>
<p>ignored</p>
</div>
</td>
<td>
<div class="infoBox" id="duration">
<div class="counter">6m13.41s</div>
<p>duration</p>
</div>
</td>
</tr>
</table>
</div>
</td>
<td>
<div class="infoBox failures" id="successRate">
<div class="percent">0%</div>
<p>successful</p>
</div>
</td>
</tr>
</table>
</div>
<div id="tabs">
<ul class="tabLinks">
<li>
<a href="#tab0">Failed tests</a>
</li>
<li>
<a href="#tab1">Tests</a>
</li>
<li>
<a href="#tab2">Standard output</a>
</li>
<li>
<a href="#tab3">Standard error</a>
</li>
</ul>
<div id="tab0" class="tab">
<h2>Failed tests</h2>
<div class="test">
<a name="Product Search and Shopping - Add product to shopping cart"></a>
<h3 class="failures">Product Search and Shopping - Add product to shopping cart</h3>
<span class="code">
<pre>io.cucumber.junit.platform.engine.UndefinedStepException: The step 'I search for &quot;phone&quot;' and 5 other step(s) are undefined.
You can implement these steps using the snippet(s) below:

@Given(&quot;I search for {string}&quot;)
public void i_search_for(String string) {
    // Write code here that turns the phrase above into concrete actions
    throw new io.cucumber.java.PendingException();
}
@Given(&quot;I see search results for {string}&quot;)
public void i_see_search_results_for(String string) {
    // Write code here that turns the phrase above into concrete actions
    throw new io.cucumber.java.PendingException();
}
@When(&quot;I click on the first product&quot;)
public void i_click_on_the_first_product() {
    // Write code here that turns the phrase above into concrete actions
    throw new io.cucumber.java.PendingException();
}
@When(&quot;I add the product to cart&quot;)
public void i_add_the_product_to_cart() {
    // Write code here that turns the phrase above into concrete actions
    throw new io.cucumber.java.PendingException();
}
@Then(&quot;the product should be added to cart&quot;)
public void the_product_should_be_added_to_cart() {
    // Write code here that turns the phrase above into concrete actions
    throw new io.cucumber.java.PendingException();
}
@Then(&quot;the cart count should increase&quot;)
public void the_cart_count_should_increase() {
    // Write code here that turns the phrase above into concrete actions
    throw new io.cucumber.java.PendingException();
}

	at app//io.cucumber.core.runtime.TestCaseResultObserver.assertTestCasePassed(TestCaseResultObserver.java:69)
	at app//io.cucumber.junit.platform.engine.TestCaseResultObserver.assertTestCasePassed(TestCaseResultObserver.java:22)
	at app//io.cucumber.junit.platform.engine.CucumberEngineExecutionContext.lambda$runTestCase$4(CucumberEngineExecutionContext.java:114)
	at app//io.cucumber.core.runtime.CucumberExecutionContext.lambda$runTestCase$5(CucumberExecutionContext.java:137)
	at app//io.cucumber.core.runtime.RethrowingThrowableCollector.executeAndThrow(RethrowingThrowableCollector.java:23)
	at app//io.cucumber.core.runtime.CucumberExecutionContext.runTestCase(CucumberExecutionContext.java:137)
	at app//io.cucumber.junit.platform.engine.CucumberEngineExecutionContext.runTestCase(CucumberEngineExecutionContext.java:109)
	at app//io.cucumber.junit.platform.engine.NodeDescriptor$PickleDescriptor.execute(NodeDescriptor.java:168)
	at app//io.cucumber.junit.platform.engine.NodeDescriptor$PickleDescriptor.execute(NodeDescriptor.java:90)
	at java.base@11.0.12/java.util.ArrayList.forEach(ArrayList.java:1541)
	at java.base@11.0.12/java.util.ArrayList.forEach(ArrayList.java:1541)
</pre>
</span>
</div>
<div class="test">
<a name="Product Search and Shopping - Search for a product successfully"></a>
<h3 class="failures">Product Search and Shopping - Search for a product successfully</h3>
<span class="code">
<pre>io.cucumber.junit.platform.engine.UndefinedStepException: The step 'I search for &quot;laptop&quot;' and 2 other step(s) are undefined.
You can implement these steps using the snippet(s) below:

@When(&quot;I search for {string}&quot;)
public void i_search_for(String string) {
    // Write code here that turns the phrase above into concrete actions
    throw new io.cucumber.java.PendingException();
}
@Then(&quot;I should see search results for {string}&quot;)
public void i_should_see_search_results_for(String string) {
    // Write code here that turns the phrase above into concrete actions
    throw new io.cucumber.java.PendingException();
}
@Then(&quot;the results should contain product information&quot;)
public void the_results_should_contain_product_information() {
    // Write code here that turns the phrase above into concrete actions
    throw new io.cucumber.java.PendingException();
}

	at app//io.cucumber.core.runtime.TestCaseResultObserver.assertTestCasePassed(TestCaseResultObserver.java:69)
	at app//io.cucumber.junit.platform.engine.TestCaseResultObserver.assertTestCasePassed(TestCaseResultObserver.java:22)
	at app//io.cucumber.junit.platform.engine.CucumberEngineExecutionContext.lambda$runTestCase$4(CucumberEngineExecutionContext.java:114)
	at app//io.cucumber.core.runtime.CucumberExecutionContext.lambda$runTestCase$5(CucumberExecutionContext.java:137)
	at app//io.cucumber.core.runtime.RethrowingThrowableCollector.executeAndThrow(RethrowingThrowableCollector.java:23)
	at app//io.cucumber.core.runtime.CucumberExecutionContext.runTestCase(CucumberExecutionContext.java:137)
	at app//io.cucumber.junit.platform.engine.CucumberEngineExecutionContext.runTestCase(CucumberEngineExecutionContext.java:109)
	at app//io.cucumber.junit.platform.engine.NodeDescriptor$PickleDescriptor.execute(NodeDescriptor.java:168)
	at app//io.cucumber.junit.platform.engine.NodeDescriptor$PickleDescriptor.execute(NodeDescriptor.java:90)
	at java.base@11.0.12/java.util.ArrayList.forEach(ArrayList.java:1541)
	at java.base@11.0.12/java.util.ArrayList.forEach(ArrayList.java:1541)
</pre>
</span>
</div>
<div class="test">
<a name="Product Search and Shopping - Search for different product categories - Examples - Example #1.1"></a>
<h3 class="failures">Product Search and Shopping - Search for different product categories - Examples - Example #1.1</h3>
<span class="code">
<pre>io.cucumber.junit.platform.engine.UndefinedStepException: The step 'I search for &quot;laptop&quot;' and 2 other step(s) are undefined.
You can implement these steps using the snippet(s) below:

@When(&quot;I search for {string}&quot;)
public void i_search_for(String string) {
    // Write code here that turns the phrase above into concrete actions
    throw new io.cucumber.java.PendingException();
}
@Then(&quot;I should see search results for {string}&quot;)
public void i_should_see_search_results_for(String string) {
    // Write code here that turns the phrase above into concrete actions
    throw new io.cucumber.java.PendingException();
}
@Then(&quot;the results should show {string} or more products&quot;)
public void the_results_should_show_or_more_products(String string) {
    // Write code here that turns the phrase above into concrete actions
    throw new io.cucumber.java.PendingException();
}

	at app//io.cucumber.core.runtime.TestCaseResultObserver.assertTestCasePassed(TestCaseResultObserver.java:69)
	at app//io.cucumber.junit.platform.engine.TestCaseResultObserver.assertTestCasePassed(TestCaseResultObserver.java:22)
	at app//io.cucumber.junit.platform.engine.CucumberEngineExecutionContext.lambda$runTestCase$4(CucumberEngineExecutionContext.java:114)
	at app//io.cucumber.core.runtime.CucumberExecutionContext.lambda$runTestCase$5(CucumberExecutionContext.java:137)
	at app//io.cucumber.core.runtime.RethrowingThrowableCollector.executeAndThrow(RethrowingThrowableCollector.java:23)
	at app//io.cucumber.core.runtime.CucumberExecutionContext.runTestCase(CucumberExecutionContext.java:137)
	at app//io.cucumber.junit.platform.engine.CucumberEngineExecutionContext.runTestCase(CucumberEngineExecutionContext.java:109)
	at app//io.cucumber.junit.platform.engine.NodeDescriptor$PickleDescriptor.execute(NodeDescriptor.java:168)
	at app//io.cucumber.junit.platform.engine.NodeDescriptor$PickleDescriptor.execute(NodeDescriptor.java:90)
	at java.base@11.0.12/java.util.ArrayList.forEach(ArrayList.java:1541)
	at java.base@11.0.12/java.util.ArrayList.forEach(ArrayList.java:1541)
	at java.base@11.0.12/java.util.ArrayList.forEach(ArrayList.java:1541)
	at java.base@11.0.12/java.util.ArrayList.forEach(ArrayList.java:1541)
</pre>
</span>
</div>
<div class="test">
<a name="Product Search and Shopping - Search for different product categories - Examples - Example #1.2"></a>
<h3 class="failures">Product Search and Shopping - Search for different product categories - Examples - Example #1.2</h3>
<span class="code">
<pre>io.cucumber.junit.platform.engine.UndefinedStepException: The step 'I search for &quot;phone&quot;' and 2 other step(s) are undefined.
You can implement these steps using the snippet(s) below:

@When(&quot;I search for {string}&quot;)
public void i_search_for(String string) {
    // Write code here that turns the phrase above into concrete actions
    throw new io.cucumber.java.PendingException();
}
@Then(&quot;I should see search results for {string}&quot;)
public void i_should_see_search_results_for(String string) {
    // Write code here that turns the phrase above into concrete actions
    throw new io.cucumber.java.PendingException();
}
@Then(&quot;the results should show {string} or more products&quot;)
public void the_results_should_show_or_more_products(String string) {
    // Write code here that turns the phrase above into concrete actions
    throw new io.cucumber.java.PendingException();
}

	at app//io.cucumber.core.runtime.TestCaseResultObserver.assertTestCasePassed(TestCaseResultObserver.java:69)
	at app//io.cucumber.junit.platform.engine.TestCaseResultObserver.assertTestCasePassed(TestCaseResultObserver.java:22)
	at app//io.cucumber.junit.platform.engine.CucumberEngineExecutionContext.lambda$runTestCase$4(CucumberEngineExecutionContext.java:114)
	at app//io.cucumber.core.runtime.CucumberExecutionContext.lambda$runTestCase$5(CucumberExecutionContext.java:137)
	at app//io.cucumber.core.runtime.RethrowingThrowableCollector.executeAndThrow(RethrowingThrowableCollector.java:23)
	at app//io.cucumber.core.runtime.CucumberExecutionContext.runTestCase(CucumberExecutionContext.java:137)
	at app//io.cucumber.junit.platform.engine.CucumberEngineExecutionContext.runTestCase(CucumberEngineExecutionContext.java:109)
	at app//io.cucumber.junit.platform.engine.NodeDescriptor$PickleDescriptor.execute(NodeDescriptor.java:168)
	at app//io.cucumber.junit.platform.engine.NodeDescriptor$PickleDescriptor.execute(NodeDescriptor.java:90)
	at java.base@11.0.12/java.util.ArrayList.forEach(ArrayList.java:1541)
	at java.base@11.0.12/java.util.ArrayList.forEach(ArrayList.java:1541)
	at java.base@11.0.12/java.util.ArrayList.forEach(ArrayList.java:1541)
	at java.base@11.0.12/java.util.ArrayList.forEach(ArrayList.java:1541)
</pre>
</span>
</div>
<div class="test">
<a name="Product Search and Shopping - Search for different product categories - Examples - Example #1.3"></a>
<h3 class="failures">Product Search and Shopping - Search for different product categories - Examples - Example #1.3</h3>
<span class="code">
<pre>io.cucumber.junit.platform.engine.UndefinedStepException: The step 'I search for &quot;headphones&quot;' and 2 other step(s) are undefined.
You can implement these steps using the snippet(s) below:

@When(&quot;I search for {string}&quot;)
public void i_search_for(String string) {
    // Write code here that turns the phrase above into concrete actions
    throw new io.cucumber.java.PendingException();
}
@Then(&quot;I should see search results for {string}&quot;)
public void i_should_see_search_results_for(String string) {
    // Write code here that turns the phrase above into concrete actions
    throw new io.cucumber.java.PendingException();
}
@Then(&quot;the results should show {string} or more products&quot;)
public void the_results_should_show_or_more_products(String string) {
    // Write code here that turns the phrase above into concrete actions
    throw new io.cucumber.java.PendingException();
}

	at app//io.cucumber.core.runtime.TestCaseResultObserver.assertTestCasePassed(TestCaseResultObserver.java:69)
	at app//io.cucumber.junit.platform.engine.TestCaseResultObserver.assertTestCasePassed(TestCaseResultObserver.java:22)
	at app//io.cucumber.junit.platform.engine.CucumberEngineExecutionContext.lambda$runTestCase$4(CucumberEngineExecutionContext.java:114)
	at app//io.cucumber.core.runtime.CucumberExecutionContext.lambda$runTestCase$5(CucumberExecutionContext.java:137)
	at app//io.cucumber.core.runtime.RethrowingThrowableCollector.executeAndThrow(RethrowingThrowableCollector.java:23)
	at app//io.cucumber.core.runtime.CucumberExecutionContext.runTestCase(CucumberExecutionContext.java:137)
	at app//io.cucumber.junit.platform.engine.CucumberEngineExecutionContext.runTestCase(CucumberEngineExecutionContext.java:109)
	at app//io.cucumber.junit.platform.engine.NodeDescriptor$PickleDescriptor.execute(NodeDescriptor.java:168)
	at app//io.cucumber.junit.platform.engine.NodeDescriptor$PickleDescriptor.execute(NodeDescriptor.java:90)
	at java.base@11.0.12/java.util.ArrayList.forEach(ArrayList.java:1541)
	at java.base@11.0.12/java.util.ArrayList.forEach(ArrayList.java:1541)
	at java.base@11.0.12/java.util.ArrayList.forEach(ArrayList.java:1541)
	at java.base@11.0.12/java.util.ArrayList.forEach(ArrayList.java:1541)
</pre>
</span>
</div>
<div class="test">
<a name="Product Search and Shopping - Search for different product categories - Examples - Example #1.4"></a>
<h3 class="failures">Product Search and Shopping - Search for different product categories - Examples - Example #1.4</h3>
<span class="code">
<pre>io.cucumber.junit.platform.engine.UndefinedStepException: The step 'I search for &quot;tablet&quot;' and 2 other step(s) are undefined.
You can implement these steps using the snippet(s) below:

@When(&quot;I search for {string}&quot;)
public void i_search_for(String string) {
    // Write code here that turns the phrase above into concrete actions
    throw new io.cucumber.java.PendingException();
}
@Then(&quot;I should see search results for {string}&quot;)
public void i_should_see_search_results_for(String string) {
    // Write code here that turns the phrase above into concrete actions
    throw new io.cucumber.java.PendingException();
}
@Then(&quot;the results should show {string} or more products&quot;)
public void the_results_should_show_or_more_products(String string) {
    // Write code here that turns the phrase above into concrete actions
    throw new io.cucumber.java.PendingException();
}

	at app//io.cucumber.core.runtime.TestCaseResultObserver.assertTestCasePassed(TestCaseResultObserver.java:69)
	at app//io.cucumber.junit.platform.engine.TestCaseResultObserver.assertTestCasePassed(TestCaseResultObserver.java:22)
	at app//io.cucumber.junit.platform.engine.CucumberEngineExecutionContext.lambda$runTestCase$4(CucumberEngineExecutionContext.java:114)
	at app//io.cucumber.core.runtime.CucumberExecutionContext.lambda$runTestCase$5(CucumberExecutionContext.java:137)
	at app//io.cucumber.core.runtime.RethrowingThrowableCollector.executeAndThrow(RethrowingThrowableCollector.java:23)
	at app//io.cucumber.core.runtime.CucumberExecutionContext.runTestCase(CucumberExecutionContext.java:137)
	at app//io.cucumber.junit.platform.engine.CucumberEngineExecutionContext.runTestCase(CucumberEngineExecutionContext.java:109)
	at app//io.cucumber.junit.platform.engine.NodeDescriptor$PickleDescriptor.execute(NodeDescriptor.java:168)
	at app//io.cucumber.junit.platform.engine.NodeDescriptor$PickleDescriptor.execute(NodeDescriptor.java:90)
	at java.base@11.0.12/java.util.ArrayList.forEach(ArrayList.java:1541)
	at java.base@11.0.12/java.util.ArrayList.forEach(ArrayList.java:1541)
	at java.base@11.0.12/java.util.ArrayList.forEach(ArrayList.java:1541)
	at java.base@11.0.12/java.util.ArrayList.forEach(ArrayList.java:1541)
</pre>
</span>
</div>
<div class="test">
<a name="User Login - Failed login with invalid credentials"></a>
<h3 class="failures">User Login - Failed login with invalid credentials</h3>
<span class="code">
<pre>org.opentest4j.AssertionFailedError: Expected error message: Invalid credentials, but got:  ==&gt; expected: &lt;true&gt; but was: &lt;false&gt;
	at app//com.ecommerce.stepDefinitions.LoginSteps.i_should_see_an_error_message(LoginSteps.java:91)
	at ✽.I should see an error message &quot;Invalid credentials&quot;(file:///C:/Users/Geo%20NZXT/Documents/HOMELAB_DEVOPS/Git%20Repos/TestingWebApp-e2e-java/java-cucumber/src/test/resources/features/login.feature:24)
</pre>
</span>
</div>
<div class="test">
<a name="User Login - Login attempts with different credential combinations - Examples - Example #1.1"></a>
<h3 class="failures">User Login - Login attempts with different credential combinations - Examples - Example #1.1</h3>
<span class="code">
<pre>org.opentest4j.AssertionFailedError: User dashboard should be visible but was not found
	at app//com.ecommerce.stepDefinitions.LoginSteps.i_should_see(LoginSteps.java:108)
	at ✽.I should see &quot;user dashboard&quot;(file:///C:/Users/Geo%20NZXT/Documents/HOMELAB_DEVOPS/Git%20Repos/TestingWebApp-e2e-java/java-cucumber/src/test/resources/features/login.feature:33)
</pre>
</span>
</div>
<div class="test">
<a name="User Login - Login attempts with different credential combinations - Examples - Example #1.2"></a>
<h3 class="failures">User Login - Login attempts with different credential combinations - Examples - Example #1.2</h3>
<span class="code">
<pre>org.opentest4j.AssertionFailedError: Admin dashboard should be visible but was not found
	at app//com.ecommerce.stepDefinitions.LoginSteps.i_should_see(LoginSteps.java:115)
	at ✽.I should see &quot;admin dashboard&quot;(file:///C:/Users/Geo%20NZXT/Documents/HOMELAB_DEVOPS/Git%20Repos/TestingWebApp-e2e-java/java-cucumber/src/test/resources/features/login.feature:33)
</pre>
</span>
</div>
<div class="test">
<a name="User Login - Login attempts with different credential combinations - Examples - Example #1.3"></a>
<h3 class="failures">User Login - Login attempts with different credential combinations - Examples - Example #1.3</h3>
<span class="code">
<pre>org.opentest4j.AssertionFailedError: Expected: Invalid credentials, but got:  ==&gt; expected: &lt;true&gt; but was: &lt;false&gt;
	at app//com.ecommerce.stepDefinitions.LoginSteps.i_should_see(LoginSteps.java:121)
	at ✽.I should see &quot;Invalid credentials&quot;(file:///C:/Users/Geo%20NZXT/Documents/HOMELAB_DEVOPS/Git%20Repos/TestingWebApp-e2e-java/java-cucumber/src/test/resources/features/login.feature:33)
</pre>
</span>
</div>
<div class="test">
<a name="User Login - Login attempts with different credential combinations - Examples - Example #1.4"></a>
<h3 class="failures">User Login - Login attempts with different credential combinations - Examples - Example #1.4</h3>
<span class="code">
<pre>org.opentest4j.AssertionFailedError: Expected: Username is required, but got:  ==&gt; expected: &lt;true&gt; but was: &lt;false&gt;
	at app//com.ecommerce.stepDefinitions.LoginSteps.i_should_see(LoginSteps.java:121)
	at ✽.I should see &quot;Username is required&quot;(file:///C:/Users/Geo%20NZXT/Documents/HOMELAB_DEVOPS/Git%20Repos/TestingWebApp-e2e-java/java-cucumber/src/test/resources/features/login.feature:33)
</pre>
</span>
</div>
<div class="test">
<a name="User Login - Login attempts with different credential combinations - Examples - Example #1.5"></a>
<h3 class="failures">User Login - Login attempts with different credential combinations - Examples - Example #1.5</h3>
<span class="code">
<pre>org.opentest4j.AssertionFailedError: Expected: Password is required, but got:  ==&gt; expected: &lt;true&gt; but was: &lt;false&gt;
	at app//com.ecommerce.stepDefinitions.LoginSteps.i_should_see(LoginSteps.java:121)
	at ✽.I should see &quot;Password is required&quot;(file:///C:/Users/Geo%20NZXT/Documents/HOMELAB_DEVOPS/Git%20Repos/TestingWebApp-e2e-java/java-cucumber/src/test/resources/features/login.feature:33)
</pre>
</span>
</div>
<div class="test">
<a name="User Login - Successful login with valid credentials"></a>
<h3 class="failures">User Login - Successful login with valid credentials</h3>
<span class="code">
<pre>org.opentest4j.AssertionFailedError: Login should be successful ==&gt; expected: &lt;true&gt; but was: &lt;false&gt;
	at app//com.ecommerce.stepDefinitions.LoginSteps.i_should_be_logged_in_successfully(LoginSteps.java:75)
	at ✽.I should be logged in successfully(file:///C:/Users/Geo%20NZXT/Documents/HOMELAB_DEVOPS/Git%20Repos/TestingWebApp-e2e-java/java-cucumber/src/test/resources/features/login.feature:15)
</pre>
</span>
</div>
</div>
<div id="tab1" class="tab">
<h2>Tests</h2>
<table>
<thead>
<tr>
<th>Test</th>
<th>Duration</th>
<th>Result</th>
</tr>
</thead>
<tr>
<td class="failures">Product Search and Shopping - Add product to shopping cart</td>
<td class="failures">2.140s</td>
<td class="failures">failed</td>
</tr>
<tr>
<td class="failures">Product Search and Shopping - Search for a product successfully</td>
<td class="failures">2.617s</td>
<td class="failures">failed</td>
</tr>
<tr>
<td class="failures">Product Search and Shopping - Search for different product categories - Examples - Example #1.1</td>
<td class="failures">2.091s</td>
<td class="failures">failed</td>
</tr>
<tr>
<td class="failures">Product Search and Shopping - Search for different product categories - Examples - Example #1.2</td>
<td class="failures">2.104s</td>
<td class="failures">failed</td>
</tr>
<tr>
<td class="failures">Product Search and Shopping - Search for different product categories - Examples - Example #1.3</td>
<td class="failures">2.096s</td>
<td class="failures">failed</td>
</tr>
<tr>
<td class="failures">Product Search and Shopping - Search for different product categories - Examples - Example #1.4</td>
<td class="failures">2.093s</td>
<td class="failures">failed</td>
</tr>
<tr>
<td class="failures">User Login - Failed login with invalid credentials</td>
<td class="failures">54.160s</td>
<td class="failures">failed</td>
</tr>
<tr>
<td class="failures">User Login - Login attempts with different credential combinations - Examples - Example #1.1</td>
<td class="failures">44.071s</td>
<td class="failures">failed</td>
</tr>
<tr>
<td class="failures">User Login - Login attempts with different credential combinations - Examples - Example #1.2</td>
<td class="failures">44.076s</td>
<td class="failures">failed</td>
</tr>
<tr>
<td class="failures">User Login - Login attempts with different credential combinations - Examples - Example #1.3</td>
<td class="failures">54.074s</td>
<td class="failures">failed</td>
</tr>
<tr>
<td class="failures">User Login - Login attempts with different credential combinations - Examples - Example #1.4</td>
<td class="failures">54.209s</td>
<td class="failures">failed</td>
</tr>
<tr>
<td class="failures">User Login - Login attempts with different credential combinations - Examples - Example #1.5</td>
<td class="failures">54.073s</td>
<td class="failures">failed</td>
</tr>
<tr>
<td class="failures">User Login - Successful login with valid credentials</td>
<td class="failures">55.608s</td>
<td class="failures">failed</td>
</tr>
</table>
</div>
<div id="tab2" class="tab">
<h2>Standard output</h2>
<span class="code">
<pre>
@smoke @login
Scenario: Successful login with valid credentials ?[90m# src/test/resources/features/login.feature:10?[0m
  ?[32mGiven ?[0m?[32mI am on the e-commerce homepage?[0m           ?[90m# com.ecommerce.stepDefinitions.LoginSteps.i_am_on_the_ecommerce_homepage()?[0m
  ?[32mWhen ?[0m?[32mI navigate to the login page?[0m               ?[90m# com.ecommerce.stepDefinitions.LoginSteps.i_navigate_to_the_login_page()?[0m
  ?[32mAnd ?[0m?[32mI enter valid username ?[0m?[32m?[1m&quot;user@example.com&quot;?[0m   ?[90m# com.ecommerce.stepDefinitions.LoginSteps.i_enter_valid_username(java.lang.String)?[0m
  ?[32mAnd ?[0m?[32mI enter valid password ?[0m?[32m?[1m&quot;password123&quot;?[0m        ?[90m# com.ecommerce.stepDefinitions.LoginSteps.i_enter_valid_password(java.lang.String)?[0m
  ?[32mAnd ?[0m?[32mI click the login button?[0m                    ?[90m# com.ecommerce.stepDefinitions.LoginSteps.i_click_the_login_button()?[0m
  ?[31mThen ?[0m?[31mI should be logged in successfully?[0m         ?[90m# com.ecommerce.stepDefinitions.LoginSteps.i_should_be_logged_in_successfully()?[0m
      ?[31morg.opentest4j.AssertionFailedError: Login should be successful ==&gt; expected: &lt;true&gt; but was: &lt;false&gt;
	at org.junit.jupiter.api.AssertionFailureBuilder.build(AssertionFailureBuilder.java:151)
	at org.junit.jupiter.api.AssertionFailureBuilder.buildAndThrow(AssertionFailureBuilder.java:132)
	at org.junit.jupiter.api.AssertTrue.failNotTrue(AssertTrue.java:63)
	at org.junit.jupiter.api.AssertTrue.assertTrue(AssertTrue.java:36)
	at org.junit.jupiter.api.Assertions.assertTrue(Assertions.java:214)
	at com.ecommerce.stepDefinitions.LoginSteps.i_should_be_logged_in_successfully(LoginSteps.java:75)
	at âœ½.I should be logged in successfully(file:///C:/Users/Geo%20NZXT/Documents/HOMELAB_DEVOPS/Git%20Repos/TestingWebApp-e2e-java/java-cucumber/src/test/resources/features/login.feature:15)
?[0m
  ?[36mAnd ?[0m?[36mI should see the user dashboard?[0m             ?[90m# com.ecommerce.stepDefinitions.LoginSteps.i_should_see_the_user_dashboard()?[0m

    Embedding Screenshot [image/png 38972 bytes]


@login @negative
Scenario: Failed login with invalid credentials            ?[90m# src/test/resources/features/login.feature:19?[0m
  ?[32mGiven ?[0m?[32mI am on the e-commerce homepage?[0m                    ?[90m# com.ecommerce.stepDefinitions.LoginSteps.i_am_on_the_ecommerce_homepage()?[0m
  ?[32mWhen ?[0m?[32mI navigate to the login page?[0m                        ?[90m# com.ecommerce.stepDefinitions.LoginSteps.i_navigate_to_the_login_page()?[0m
  ?[32mAnd ?[0m?[32mI enter invalid username ?[0m?[32m?[1m&quot;invalid@example.com&quot;?[0m       ?[90m# com.ecommerce.stepDefinitions.LoginSteps.i_enter_invalid_username(java.lang.String)?[0m
  ?[32mAnd ?[0m?[32mI enter invalid password ?[0m?[32m?[1m&quot;wrongpassword&quot;?[0m             ?[90m# com.ecommerce.stepDefinitions.LoginSteps.i_enter_invalid_password(java.lang.String)?[0m
  ?[32mAnd ?[0m?[32mI click the login button?[0m                             ?[90m# com.ecommerce.stepDefinitions.LoginSteps.i_click_the_login_button()?[0m
  ?[31mThen ?[0m?[31mI should see an error message ?[0m?[31m?[1m&quot;Invalid credentials&quot;?[0m ?[90m# com.ecommerce.stepDefinitions.LoginSteps.i_should_see_an_error_message(java.lang.String)?[0m
      ?[31morg.opentest4j.AssertionFailedError: Expected error message: Invalid credentials, but got:  ==&gt; expected: &lt;true&gt; but was: &lt;false&gt;
	at org.junit.jupiter.api.AssertionFailureBuilder.build(AssertionFailureBuilder.java:151)
	at org.junit.jupiter.api.AssertionFailureBuilder.buildAndThrow(AssertionFailureBuilder.java:132)
	at org.junit.jupiter.api.AssertTrue.failNotTrue(AssertTrue.java:63)
	at org.junit.jupiter.api.AssertTrue.assertTrue(AssertTrue.java:36)
	at org.junit.jupiter.api.Assertions.assertTrue(Assertions.java:214)
	at com.ecommerce.stepDefinitions.LoginSteps.i_should_see_an_error_message(LoginSteps.java:91)
	at âœ½.I should see an error message &quot;Invalid credentials&quot;(file:///C:/Users/Geo%20NZXT/Documents/HOMELAB_DEVOPS/Git%20Repos/TestingWebApp-e2e-java/java-cucumber/src/test/resources/features/login.feature:24)
?[0m
  ?[36mAnd ?[0m?[36mI should remain on the login page?[0m                    ?[90m# com.ecommerce.stepDefinitions.LoginSteps.i_should_remain_on_the_login_page()?[0m

    Embedding Screenshot [image/png 36467 bytes]


@login
Scenario Outline: Login attempts with different credential combinations ?[90m# src/test/resources/features/login.feature:37?[0m
  ?[32mGiven ?[0m?[32mI am on the e-commerce homepage?[0m                                 ?[90m# com.ecommerce.stepDefinitions.LoginSteps.i_am_on_the_ecommerce_homepage()?[0m
  ?[32mWhen ?[0m?[32mI navigate to the login page?[0m                                     ?[90m# com.ecommerce.stepDefinitions.LoginSteps.i_navigate_to_the_login_page()?[0m
  ?[32mAnd ?[0m?[32mI enter username ?[0m?[32m?[1m&quot;user@example.com&quot;?[0m                               ?[90m# com.ecommerce.stepDefinitions.LoginSteps.i_enter_username(java.lang.String)?[0m
  ?[32mAnd ?[0m?[32mI enter password ?[0m?[32m?[1m&quot;password123&quot;?[0m                                    ?[90m# com.ecommerce.stepDefinitions.LoginSteps.i_enter_password(java.lang.String)?[0m
  ?[32mAnd ?[0m?[32mI click the login button?[0m                                          ?[90m# com.ecommerce.stepDefinitions.LoginSteps.i_click_the_login_button()?[0m
  ?[31mThen ?[0m?[31mI should see ?[0m?[31m?[1m&quot;user dashboard&quot;?[0m                                    ?[90m# com.ecommerce.stepDefinitions.LoginSteps.i_should_see(java.lang.String)?[0m
      ?[31morg.opentest4j.AssertionFailedError: User dashboard should be visible but was not found
	at org.junit.jupiter.api.AssertionUtils.fail(AssertionUtils.java:38)
	at org.junit.jupiter.api.Assertions.fail(Assertions.java:138)
	at com.ecommerce.stepDefinitions.LoginSteps.i_should_see(LoginSteps.java:108)
	at âœ½.I should see &quot;user dashboard&quot;(file:///C:/Users/Geo%20NZXT/Documents/HOMELAB_DEVOPS/Git%20Repos/TestingWebApp-e2e-java/java-cucumber/src/test/resources/features/login.feature:33)
?[0m

    Embedding Screenshot [image/png 38972 bytes]


@login
Scenario Outline: Login attempts with different credential combinations ?[90m# src/test/resources/features/login.feature:38?[0m
  ?[32mGiven ?[0m?[32mI am on the e-commerce homepage?[0m                                 ?[90m# com.ecommerce.stepDefinitions.LoginSteps.i_am_on_the_ecommerce_homepage()?[0m
  ?[32mWhen ?[0m?[32mI navigate to the login page?[0m                                     ?[90m# com.ecommerce.stepDefinitions.LoginSteps.i_navigate_to_the_login_page()?[0m
  ?[32mAnd ?[0m?[32mI enter username ?[0m?[32m?[1m&quot;admin@example.com&quot;?[0m                              ?[90m# com.ecommerce.stepDefinitions.LoginSteps.i_enter_username(java.lang.String)?[0m
  ?[32mAnd ?[0m?[32mI enter password ?[0m?[32m?[1m&quot;admin123&quot;?[0m                                       ?[90m# com.ecommerce.stepDefinitions.LoginSteps.i_enter_password(java.lang.String)?[0m
  ?[32mAnd ?[0m?[32mI click the login button?[0m                                          ?[90m# com.ecommerce.stepDefinitions.LoginSteps.i_click_the_login_button()?[0m
  ?[31mThen ?[0m?[31mI should see ?[0m?[31m?[1m&quot;admin dashboard&quot;?[0m                                   ?[90m# com.ecommerce.stepDefinitions.LoginSteps.i_should_see(java.lang.String)?[0m
      ?[31morg.opentest4j.AssertionFailedError: Admin dashboard should be visible but was not found
	at org.junit.jupiter.api.AssertionUtils.fail(AssertionUtils.java:38)
	at org.junit.jupiter.api.Assertions.fail(Assertions.java:138)
	at com.ecommerce.stepDefinitions.LoginSteps.i_should_see(LoginSteps.java:115)
	at âœ½.I should see &quot;admin dashboard&quot;(file:///C:/Users/Geo%20NZXT/Documents/HOMELAB_DEVOPS/Git%20Repos/TestingWebApp-e2e-java/java-cucumber/src/test/resources/features/login.feature:33)
?[0m

    Embedding Screenshot [image/png 38972 bytes]


@login
Scenario Outline: Login attempts with different credential combinations ?[90m# src/test/resources/features/login.feature:39?[0m
  ?[32mGiven ?[0m?[32mI am on the e-commerce homepage?[0m                                 ?[90m# com.ecommerce.stepDefinitions.LoginSteps.i_am_on_the_ecommerce_homepage()?[0m
  ?[32mWhen ?[0m?[32mI navigate to the login page?[0m                                     ?[90m# com.ecommerce.stepDefinitions.LoginSteps.i_navigate_to_the_login_page()?[0m
  ?[32mAnd ?[0m?[32mI enter username ?[0m?[32m?[1m&quot;invalid@test.com&quot;?[0m                               ?[90m# com.ecommerce.stepDefinitions.LoginSteps.i_enter_username(java.lang.String)?[0m
  ?[32mAnd ?[0m?[32mI enter password ?[0m?[32m?[1m&quot;wrongpass&quot;?[0m                                      ?[90m# com.ecommerce.stepDefinitions.LoginSteps.i_enter_password(java.lang.String)?[0m
  ?[32mAnd ?[0m?[32mI click the login button?[0m                                          ?[90m# com.ecommerce.stepDefinitions.LoginSteps.i_click_the_login_button()?[0m
  ?[31mThen ?[0m?[31mI should see ?[0m?[31m?[1m&quot;Invalid credentials&quot;?[0m                               ?[90m# com.ecommerce.stepDefinitions.LoginSteps.i_should_see(java.lang.String)?[0m
      ?[31morg.opentest4j.AssertionFailedError: Expected: Invalid credentials, but got:  ==&gt; expected: &lt;true&gt; but was: &lt;false&gt;
	at org.junit.jupiter.api.AssertionFailureBuilder.build(AssertionFailureBuilder.java:151)
	at org.junit.jupiter.api.AssertionFailureBuilder.buildAndThrow(AssertionFailureBuilder.java:132)
	at org.junit.jupiter.api.AssertTrue.failNotTrue(AssertTrue.java:63)
	at org.junit.jupiter.api.AssertTrue.assertTrue(AssertTrue.java:36)
	at org.junit.jupiter.api.Assertions.assertTrue(Assertions.java:214)
	at com.ecommerce.stepDefinitions.LoginSteps.i_should_see(LoginSteps.java:121)
	at âœ½.I should see &quot;Invalid credentials&quot;(file:///C:/Users/Geo%20NZXT/Documents/HOMELAB_DEVOPS/Git%20Repos/TestingWebApp-e2e-java/java-cucumber/src/test/resources/features/login.feature:33)
?[0m

    Embedding Screenshot [image/png 38972 bytes]


@login
Scenario Outline: Login attempts with different credential combinations ?[90m# src/test/resources/features/login.feature:40?[0m
  ?[32mGiven ?[0m?[32mI am on the e-commerce homepage?[0m                                 ?[90m# com.ecommerce.stepDefinitions.LoginSteps.i_am_on_the_ecommerce_homepage()?[0m
  ?[32mWhen ?[0m?[32mI navigate to the login page?[0m                                     ?[90m# com.ecommerce.stepDefinitions.LoginSteps.i_navigate_to_the_login_page()?[0m
  ?[32mAnd ?[0m?[32mI enter username ?[0m?[32m?[1m&quot;&quot;?[0m                                               ?[90m# com.ecommerce.stepDefinitions.LoginSteps.i_enter_username(java.lang.String)?[0m
  ?[32mAnd ?[0m?[32mI enter password ?[0m?[32m?[1m&quot;password123&quot;?[0m                                    ?[90m# com.ecommerce.stepDefinitions.LoginSteps.i_enter_password(java.lang.String)?[0m
  ?[32mAnd ?[0m?[32mI click the login button?[0m                                          ?[90m# com.ecommerce.stepDefinitions.LoginSteps.i_click_the_login_button()?[0m
  ?[31mThen ?[0m?[31mI should see ?[0m?[31m?[1m&quot;Username is required&quot;?[0m                              ?[90m# com.ecommerce.stepDefinitions.LoginSteps.i_should_see(java.lang.String)?[0m
      ?[31morg.opentest4j.AssertionFailedError: Expected: Username is required, but got:  ==&gt; expected: &lt;true&gt; but was: &lt;false&gt;
	at org.junit.jupiter.api.AssertionFailureBuilder.build(AssertionFailureBuilder.java:151)
	at org.junit.jupiter.api.AssertionFailureBuilder.buildAndThrow(AssertionFailureBuilder.java:132)
	at org.junit.jupiter.api.AssertTrue.failNotTrue(AssertTrue.java:63)
	at org.junit.jupiter.api.AssertTrue.assertTrue(AssertTrue.java:36)
	at org.junit.jupiter.api.Assertions.assertTrue(Assertions.java:214)
	at com.ecommerce.stepDefinitions.LoginSteps.i_should_see(LoginSteps.java:121)
	at âœ½.I should see &quot;Username is required&quot;(file:///C:/Users/Geo%20NZXT/Documents/HOMELAB_DEVOPS/Git%20Repos/TestingWebApp-e2e-java/java-cucumber/src/test/resources/features/login.feature:33)
?[0m

    Embedding Screenshot [image/png 43511 bytes]


@login
Scenario Outline: Login attempts with different credential combinations ?[90m# src/test/resources/features/login.feature:41?[0m
  ?[32mGiven ?[0m?[32mI am on the e-commerce homepage?[0m                                 ?[90m# com.ecommerce.stepDefinitions.LoginSteps.i_am_on_the_ecommerce_homepage()?[0m
  ?[32mWhen ?[0m?[32mI navigate to the login page?[0m                                     ?[90m# com.ecommerce.stepDefinitions.LoginSteps.i_navigate_to_the_login_page()?[0m
  ?[32mAnd ?[0m?[32mI enter username ?[0m?[32m?[1m&quot;user@example.com&quot;?[0m                               ?[90m# com.ecommerce.stepDefinitions.LoginSteps.i_enter_username(java.lang.String)?[0m
  ?[32mAnd ?[0m?[32mI enter password ?[0m?[32m?[1m&quot;&quot;?[0m                                               ?[90m# com.ecommerce.stepDefinitions.LoginSteps.i_enter_password(java.lang.String)?[0m
  ?[32mAnd ?[0m?[32mI click the login button?[0m                                          ?[90m# com.ecommerce.stepDefinitions.LoginSteps.i_click_the_login_button()?[0m
  ?[31mThen ?[0m?[31mI should see ?[0m?[31m?[1m&quot;Password is required&quot;?[0m                              ?[90m# com.ecommerce.stepDefinitions.LoginSteps.i_should_see(java.lang.String)?[0m
      ?[31morg.opentest4j.AssertionFailedError: Expected: Password is required, but got:  ==&gt; expected: &lt;true&gt; but was: &lt;false&gt;
	at org.junit.jupiter.api.AssertionFailureBuilder.build(AssertionFailureBuilder.java:151)
	at org.junit.jupiter.api.AssertionFailureBuilder.buildAndThrow(AssertionFailureBuilder.java:132)
	at org.junit.jupiter.api.AssertTrue.failNotTrue(AssertTrue.java:63)
	at org.junit.jupiter.api.AssertTrue.assertTrue(AssertTrue.java:36)
	at org.junit.jupiter.api.Assertions.assertTrue(Assertions.java:214)
	at com.ecommerce.stepDefinitions.LoginSteps.i_should_see(LoginSteps.java:121)
	at âœ½.I should see &quot;Password is required&quot;(file:///C:/Users/Geo%20NZXT/Documents/HOMELAB_DEVOPS/Git%20Repos/TestingWebApp-e2e-java/java-cucumber/src/test/resources/features/login.feature:33)
?[0m

    Embedding Screenshot [image/png 45329 bytes]


@smoke @products
Scenario: Search for a product successfully          ?[90m# src/test/resources/features/products.feature:10?[0m
  ?[32mGiven ?[0m?[32mI am on the e-commerce homepage?[0m              ?[90m# com.ecommerce.stepDefinitions.LoginSteps.i_am_on_the_ecommerce_homepage()?[0m
  ?[33mWhen ?[0m?[33mI search for &quot;laptop&quot;?[0m
  ?[36mThen ?[0m?[36mI should see search results for &quot;laptop&quot;?[0m
  ?[36mAnd ?[0m?[36mthe results should contain product information?[0m

@products @cart
Scenario: Add product to shopping cart     ?[90m# src/test/resources/features/products.feature:16?[0m
  ?[32mGiven ?[0m?[32mI am on the e-commerce homepage?[0m    ?[90m# com.ecommerce.stepDefinitions.LoginSteps.i_am_on_the_ecommerce_homepage()?[0m
  ?[33mGiven ?[0m?[33mI search for &quot;phone&quot;?[0m
  ?[36mAnd ?[0m?[36mI see search results for &quot;phone&quot;?[0m
  ?[36mWhen ?[0m?[36mI click on the first product?[0m
  ?[36mAnd ?[0m?[36mI add the product to cart?[0m
  ?[36mThen ?[0m?[36mthe product should be added to cart?[0m
  ?[36mAnd ?[0m?[36mthe cart count should increase?[0m

@products
Scenario Outline: Search for different product categories ?[90m# src/test/resources/features/products.feature:32?[0m
  ?[32mGiven ?[0m?[32mI am on the e-commerce homepage?[0m                   ?[90m# com.ecommerce.stepDefinitions.LoginSteps.i_am_on_the_ecommerce_homepage()?[0m
  ?[33mWhen ?[0m?[33mI search for &quot;laptop&quot;?[0m
  ?[36mThen ?[0m?[36mI should see search results for &quot;laptop&quot;?[0m
  ?[36mAnd ?[0m?[36mthe results should show &quot;3&quot; or more products?[0m

@products
Scenario Outline: Search for different product categories ?[90m# src/test/resources/features/products.feature:33?[0m
  ?[32mGiven ?[0m?[32mI am on the e-commerce homepage?[0m                   ?[90m# com.ecommerce.stepDefinitions.LoginSteps.i_am_on_the_ecommerce_homepage()?[0m
  ?[33mWhen ?[0m?[33mI search for &quot;phone&quot;?[0m
  ?[36mThen ?[0m?[36mI should see search results for &quot;phone&quot;?[0m
  ?[36mAnd ?[0m?[36mthe results should show &quot;5&quot; or more products?[0m

@products
Scenario Outline: Search for different product categories ?[90m# src/test/resources/features/products.feature:34?[0m
  ?[32mGiven ?[0m?[32mI am on the e-commerce homepage?[0m                   ?[90m# com.ecommerce.stepDefinitions.LoginSteps.i_am_on_the_ecommerce_homepage()?[0m
  ?[33mWhen ?[0m?[33mI search for &quot;headphones&quot;?[0m
  ?[36mThen ?[0m?[36mI should see search results for &quot;headphones&quot;?[0m
  ?[36mAnd ?[0m?[36mthe results should show &quot;2&quot; or more products?[0m

@products
Scenario Outline: Search for different product categories ?[90m# src/test/resources/features/products.feature:35?[0m
  ?[32mGiven ?[0m?[32mI am on the e-commerce homepage?[0m                   ?[90m# com.ecommerce.stepDefinitions.LoginSteps.i_am_on_the_ecommerce_homepage()?[0m
  ?[33mWhen ?[0m?[33mI search for &quot;tablet&quot;?[0m
  ?[36mThen ?[0m?[36mI should see search results for &quot;tablet&quot;?[0m
  ?[36mAnd ?[0m?[36mthe results should show &quot;4&quot; or more products?[0m
</pre>
</span>
</div>
<div id="tab3" class="tab">
<h2>Standard error</h2>
<span class="code">
<pre>[Test worker] INFO com.ecommerce.hooks.Hooks - Starting scenario: Successful login with valid credentials
[Test worker] INFO com.ecommerce.utils.DriverManager - Initializing Selenium WebDriver with browser: chrome, headless: false
[Test worker] INFO io.github.bonigarcia.wdm.WebDriverManager - Using chromedriver 138.0.7204.157 (resolved driver for Chrome 138)
[Test worker] INFO io.github.bonigarcia.wdm.WebDriverManager - Exporting webdriver.chrome.driver as C:\Users\Geo NZXT\.cache\selenium\chromedriver\win64\138.0.7204.157\chromedriver.exe
[Test worker] INFO com.ecommerce.utils.DriverManager - Selenium WebDriver initialized successfully
[Test worker] INFO com.ecommerce.pageObjects.HomePage - Navigating to homepage: http://localhost:3000
[Test worker] INFO com.ecommerce.pageObjects.HomePage - Clicking login link
[Test worker] INFO com.ecommerce.pageObjects.LoginPage - Entering username: user@example.com
[Test worker] ERROR com.ecommerce.pageObjects.LoginPage - Error entering username: Expected condition failed: waiting for element to be clickable: Proxy element for: DefaultElementLocator 'By.cssSelector: #username, [name='username'], [data-testid='username']' (tried for 10 second(s) with 500 milliseconds interval)
[Test worker] INFO com.ecommerce.pageObjects.LoginPage - Entering password
[Test worker] INFO com.ecommerce.pageObjects.LoginPage - Clicking login button
[Test worker] INFO com.ecommerce.hooks.Hooks - Finishing scenario: Successful login with valid credentials - Status: FAILED
[Test worker] WARN com.ecommerce.utils.DriverManager - Error saving screenshot: test-results\screenshots\Successful login with valid credentials_screenshot.png
[Test worker] INFO com.ecommerce.utils.DriverManager - Closing Selenium WebDriver
[Test worker] INFO com.ecommerce.hooks.Hooks - Starting scenario: Failed login with invalid credentials
[Test worker] INFO com.ecommerce.utils.DriverManager - Initializing Selenium WebDriver with browser: chrome, headless: false
[Test worker] INFO io.github.bonigarcia.wdm.WebDriverManager - Using chromedriver 138.0.7204.157 (resolved driver for Chrome 138)
[Test worker] INFO io.github.bonigarcia.wdm.WebDriverManager - Exporting webdriver.chrome.driver as C:\Users\Geo NZXT\.cache\selenium\chromedriver\win64\138.0.7204.157\chromedriver.exe
[Test worker] INFO com.ecommerce.utils.DriverManager - Selenium WebDriver initialized successfully
[Test worker] INFO com.ecommerce.pageObjects.HomePage - Navigating to homepage: http://localhost:3000
[Test worker] INFO com.ecommerce.pageObjects.HomePage - Clicking login link
[Test worker] INFO com.ecommerce.pageObjects.LoginPage - Entering username: invalid@example.com
[Test worker] ERROR com.ecommerce.pageObjects.LoginPage - Error entering username: Expected condition failed: waiting for element to be clickable: Proxy element for: DefaultElementLocator 'By.cssSelector: #username, [name='username'], [data-testid='username']' (tried for 10 second(s) with 500 milliseconds interval)
[Test worker] INFO com.ecommerce.pageObjects.LoginPage - Entering password
[Test worker] INFO com.ecommerce.pageObjects.LoginPage - Clicking login button
[Test worker] INFO com.ecommerce.hooks.Hooks - Finishing scenario: Failed login with invalid credentials - Status: FAILED
[Test worker] WARN com.ecommerce.utils.DriverManager - Error saving screenshot: test-results\screenshots\Failed login with invalid credentials_screenshot.png
[Test worker] INFO com.ecommerce.utils.DriverManager - Closing Selenium WebDriver
[Test worker] INFO com.ecommerce.hooks.Hooks - Starting scenario: Login attempts with different credential combinations
[Test worker] INFO com.ecommerce.utils.DriverManager - Initializing Selenium WebDriver with browser: chrome, headless: false
[Test worker] INFO io.github.bonigarcia.wdm.WebDriverManager - Using chromedriver 138.0.7204.157 (resolved driver for Chrome 138)
[Test worker] INFO io.github.bonigarcia.wdm.WebDriverManager - Exporting webdriver.chrome.driver as C:\Users\Geo NZXT\.cache\selenium\chromedriver\win64\138.0.7204.157\chromedriver.exe
[Test worker] INFO com.ecommerce.utils.DriverManager - Selenium WebDriver initialized successfully
[Test worker] INFO com.ecommerce.pageObjects.HomePage - Navigating to homepage: http://localhost:3000
[Test worker] INFO com.ecommerce.pageObjects.HomePage - Clicking login link
[Test worker] INFO com.ecommerce.pageObjects.LoginPage - Entering username: user@example.com
[Test worker] ERROR com.ecommerce.pageObjects.LoginPage - Error entering username: Expected condition failed: waiting for element to be clickable: Proxy element for: DefaultElementLocator 'By.cssSelector: #username, [name='username'], [data-testid='username']' (tried for 10 second(s) with 500 milliseconds interval)
[Test worker] INFO com.ecommerce.pageObjects.LoginPage - Entering password
[Test worker] INFO com.ecommerce.pageObjects.LoginPage - Clicking login button
[Test worker] INFO com.ecommerce.hooks.Hooks - Finishing scenario: Login attempts with different credential combinations - Status: FAILED
[Test worker] WARN com.ecommerce.utils.DriverManager - Error saving screenshot: test-results\screenshots\Login attempts with different credential combinations_screenshot.png
[Test worker] INFO com.ecommerce.utils.DriverManager - Closing Selenium WebDriver
[Test worker] INFO com.ecommerce.hooks.Hooks - Starting scenario: Login attempts with different credential combinations
[Test worker] INFO com.ecommerce.utils.DriverManager - Initializing Selenium WebDriver with browser: chrome, headless: false
[Test worker] INFO io.github.bonigarcia.wdm.WebDriverManager - Using chromedriver 138.0.7204.157 (resolved driver for Chrome 138)
[Test worker] INFO io.github.bonigarcia.wdm.WebDriverManager - Exporting webdriver.chrome.driver as C:\Users\Geo NZXT\.cache\selenium\chromedriver\win64\138.0.7204.157\chromedriver.exe
[Test worker] INFO com.ecommerce.utils.DriverManager - Selenium WebDriver initialized successfully
[Test worker] INFO com.ecommerce.pageObjects.HomePage - Navigating to homepage: http://localhost:3000
[Test worker] INFO com.ecommerce.pageObjects.HomePage - Clicking login link
[Test worker] INFO com.ecommerce.pageObjects.LoginPage - Entering username: admin@example.com
[Test worker] ERROR com.ecommerce.pageObjects.LoginPage - Error entering username: Expected condition failed: waiting for element to be clickable: Proxy element for: DefaultElementLocator 'By.cssSelector: #username, [name='username'], [data-testid='username']' (tried for 10 second(s) with 500 milliseconds interval)
[Test worker] INFO com.ecommerce.pageObjects.LoginPage - Entering password
[Test worker] INFO com.ecommerce.pageObjects.LoginPage - Clicking login button
[Test worker] INFO com.ecommerce.hooks.Hooks - Finishing scenario: Login attempts with different credential combinations - Status: FAILED
[Test worker] WARN com.ecommerce.utils.DriverManager - Error saving screenshot: test-results\screenshots\Login attempts with different credential combinations_screenshot.png
[Test worker] INFO com.ecommerce.utils.DriverManager - Closing Selenium WebDriver
[Test worker] INFO com.ecommerce.hooks.Hooks - Starting scenario: Login attempts with different credential combinations
[Test worker] INFO com.ecommerce.utils.DriverManager - Initializing Selenium WebDriver with browser: chrome, headless: false
[Test worker] INFO io.github.bonigarcia.wdm.WebDriverManager - Using chromedriver 138.0.7204.157 (resolved driver for Chrome 138)
[Test worker] INFO io.github.bonigarcia.wdm.WebDriverManager - Exporting webdriver.chrome.driver as C:\Users\Geo NZXT\.cache\selenium\chromedriver\win64\138.0.7204.157\chromedriver.exe
[Test worker] INFO com.ecommerce.utils.DriverManager - Selenium WebDriver initialized successfully
[Test worker] INFO com.ecommerce.pageObjects.HomePage - Navigating to homepage: http://localhost:3000
[Test worker] INFO com.ecommerce.pageObjects.HomePage - Clicking login link
[Test worker] INFO com.ecommerce.pageObjects.LoginPage - Entering username: invalid@test.com
[Test worker] ERROR com.ecommerce.pageObjects.LoginPage - Error entering username: Expected condition failed: waiting for element to be clickable: Proxy element for: DefaultElementLocator 'By.cssSelector: #username, [name='username'], [data-testid='username']' (tried for 10 second(s) with 500 milliseconds interval)
[Test worker] INFO com.ecommerce.pageObjects.LoginPage - Entering password
[Test worker] INFO com.ecommerce.pageObjects.LoginPage - Clicking login button
[Test worker] INFO com.ecommerce.hooks.Hooks - Finishing scenario: Login attempts with different credential combinations - Status: FAILED
[Test worker] WARN com.ecommerce.utils.DriverManager - Error saving screenshot: test-results\screenshots\Login attempts with different credential combinations_screenshot.png
[Test worker] INFO com.ecommerce.utils.DriverManager - Closing Selenium WebDriver
[Test worker] INFO com.ecommerce.hooks.Hooks - Starting scenario: Login attempts with different credential combinations
[Test worker] INFO com.ecommerce.utils.DriverManager - Initializing Selenium WebDriver with browser: chrome, headless: false
[Test worker] INFO io.github.bonigarcia.wdm.WebDriverManager - Using chromedriver 138.0.7204.157 (resolved driver for Chrome 138)
[Test worker] INFO io.github.bonigarcia.wdm.WebDriverManager - Exporting webdriver.chrome.driver as C:\Users\Geo NZXT\.cache\selenium\chromedriver\win64\138.0.7204.157\chromedriver.exe
[Test worker] INFO com.ecommerce.utils.DriverManager - Selenium WebDriver initialized successfully
[Test worker] INFO com.ecommerce.pageObjects.HomePage - Navigating to homepage: http://localhost:3000
[Test worker] INFO com.ecommerce.pageObjects.HomePage - Clicking login link
[Test worker] INFO com.ecommerce.pageObjects.LoginPage - Entering username: 
[Test worker] ERROR com.ecommerce.pageObjects.LoginPage - Error entering username: Expected condition failed: waiting for element to be clickable: Proxy element for: DefaultElementLocator 'By.cssSelector: #username, [name='username'], [data-testid='username']' (tried for 10 second(s) with 500 milliseconds interval)
[Test worker] INFO com.ecommerce.pageObjects.LoginPage - Entering password
[Test worker] INFO com.ecommerce.pageObjects.LoginPage - Clicking login button
[Test worker] INFO com.ecommerce.hooks.Hooks - Finishing scenario: Login attempts with different credential combinations - Status: FAILED
[Test worker] WARN com.ecommerce.utils.DriverManager - Error saving screenshot: test-results\screenshots\Login attempts with different credential combinations_screenshot.png
[Test worker] INFO com.ecommerce.utils.DriverManager - Closing Selenium WebDriver
[Test worker] INFO com.ecommerce.hooks.Hooks - Starting scenario: Login attempts with different credential combinations
[Test worker] INFO com.ecommerce.utils.DriverManager - Initializing Selenium WebDriver with browser: chrome, headless: false
[Test worker] INFO io.github.bonigarcia.wdm.WebDriverManager - Using chromedriver 138.0.7204.157 (resolved driver for Chrome 138)
[Test worker] INFO io.github.bonigarcia.wdm.WebDriverManager - Exporting webdriver.chrome.driver as C:\Users\Geo NZXT\.cache\selenium\chromedriver\win64\138.0.7204.157\chromedriver.exe
[Test worker] INFO com.ecommerce.utils.DriverManager - Selenium WebDriver initialized successfully
[Test worker] INFO com.ecommerce.pageObjects.HomePage - Navigating to homepage: http://localhost:3000
[Test worker] INFO com.ecommerce.pageObjects.HomePage - Clicking login link
[Test worker] INFO com.ecommerce.pageObjects.LoginPage - Entering username: user@example.com
[Test worker] ERROR com.ecommerce.pageObjects.LoginPage - Error entering username: Expected condition failed: waiting for element to be clickable: Proxy element for: DefaultElementLocator 'By.cssSelector: #username, [name='username'], [data-testid='username']' (tried for 10 second(s) with 500 milliseconds interval)
[Test worker] INFO com.ecommerce.pageObjects.LoginPage - Entering password
[Test worker] INFO com.ecommerce.pageObjects.LoginPage - Clicking login button
[Test worker] INFO com.ecommerce.hooks.Hooks - Finishing scenario: Login attempts with different credential combinations - Status: FAILED
[Test worker] WARN com.ecommerce.utils.DriverManager - Error saving screenshot: test-results\screenshots\Login attempts with different credential combinations_screenshot.png
[Test worker] INFO com.ecommerce.utils.DriverManager - Closing Selenium WebDriver
[Test worker] INFO com.ecommerce.hooks.Hooks - Starting scenario: Search for a product successfully
[Test worker] INFO com.ecommerce.utils.DriverManager - Initializing Selenium WebDriver with browser: chrome, headless: false
[Test worker] INFO io.github.bonigarcia.wdm.WebDriverManager - Using chromedriver 138.0.7204.157 (resolved driver for Chrome 138)
[Test worker] INFO io.github.bonigarcia.wdm.WebDriverManager - Exporting webdriver.chrome.driver as C:\Users\Geo NZXT\.cache\selenium\chromedriver\win64\138.0.7204.157\chromedriver.exe
[Test worker] INFO com.ecommerce.utils.DriverManager - Selenium WebDriver initialized successfully
[Test worker] INFO com.ecommerce.pageObjects.HomePage - Navigating to homepage: http://localhost:3000
[Test worker] INFO com.ecommerce.hooks.Hooks - Finishing scenario: Search for a product successfully - Status: UNDEFINED
[Test worker] INFO com.ecommerce.utils.DriverManager - Closing Selenium WebDriver
[Test worker] INFO com.ecommerce.hooks.Hooks - Starting scenario: Add product to shopping cart
[Test worker] INFO com.ecommerce.utils.DriverManager - Initializing Selenium WebDriver with browser: chrome, headless: false
[Test worker] INFO io.github.bonigarcia.wdm.WebDriverManager - Using chromedriver 138.0.7204.157 (resolved driver for Chrome 138)
[Test worker] INFO io.github.bonigarcia.wdm.WebDriverManager - Exporting webdriver.chrome.driver as C:\Users\Geo NZXT\.cache\selenium\chromedriver\win64\138.0.7204.157\chromedriver.exe
[Test worker] INFO com.ecommerce.utils.DriverManager - Selenium WebDriver initialized successfully
[Test worker] INFO com.ecommerce.pageObjects.HomePage - Navigating to homepage: http://localhost:3000
[Test worker] INFO com.ecommerce.hooks.Hooks - Finishing scenario: Add product to shopping cart - Status: UNDEFINED
[Test worker] INFO com.ecommerce.utils.DriverManager - Closing Selenium WebDriver
[Test worker] INFO com.ecommerce.hooks.Hooks - Starting scenario: Search for different product categories
[Test worker] INFO com.ecommerce.utils.DriverManager - Initializing Selenium WebDriver with browser: chrome, headless: false
[Test worker] INFO io.github.bonigarcia.wdm.WebDriverManager - Using chromedriver 138.0.7204.157 (resolved driver for Chrome 138)
[Test worker] INFO io.github.bonigarcia.wdm.WebDriverManager - Exporting webdriver.chrome.driver as C:\Users\Geo NZXT\.cache\selenium\chromedriver\win64\138.0.7204.157\chromedriver.exe
[Test worker] INFO com.ecommerce.utils.DriverManager - Selenium WebDriver initialized successfully
[Test worker] INFO com.ecommerce.pageObjects.HomePage - Navigating to homepage: http://localhost:3000
[Test worker] INFO com.ecommerce.hooks.Hooks - Finishing scenario: Search for different product categories - Status: UNDEFINED
[Test worker] INFO com.ecommerce.utils.DriverManager - Closing Selenium WebDriver
[Test worker] INFO com.ecommerce.hooks.Hooks - Starting scenario: Search for different product categories
[Test worker] INFO com.ecommerce.utils.DriverManager - Initializing Selenium WebDriver with browser: chrome, headless: false
[Test worker] INFO io.github.bonigarcia.wdm.WebDriverManager - Using chromedriver 138.0.7204.157 (resolved driver for Chrome 138)
[Test worker] INFO io.github.bonigarcia.wdm.WebDriverManager - Exporting webdriver.chrome.driver as C:\Users\Geo NZXT\.cache\selenium\chromedriver\win64\138.0.7204.157\chromedriver.exe
[Test worker] INFO com.ecommerce.utils.DriverManager - Selenium WebDriver initialized successfully
[Test worker] INFO com.ecommerce.pageObjects.HomePage - Navigating to homepage: http://localhost:3000
[Test worker] INFO com.ecommerce.hooks.Hooks - Finishing scenario: Search for different product categories - Status: UNDEFINED
[Test worker] INFO com.ecommerce.utils.DriverManager - Closing Selenium WebDriver
[Test worker] INFO com.ecommerce.hooks.Hooks - Starting scenario: Search for different product categories
[Test worker] INFO com.ecommerce.utils.DriverManager - Initializing Selenium WebDriver with browser: chrome, headless: false
[Test worker] INFO io.github.bonigarcia.wdm.WebDriverManager - Using chromedriver 138.0.7204.157 (resolved driver for Chrome 138)
[Test worker] INFO io.github.bonigarcia.wdm.WebDriverManager - Exporting webdriver.chrome.driver as C:\Users\Geo NZXT\.cache\selenium\chromedriver\win64\138.0.7204.157\chromedriver.exe
[Test worker] INFO com.ecommerce.utils.DriverManager - Selenium WebDriver initialized successfully
[Test worker] INFO com.ecommerce.pageObjects.HomePage - Navigating to homepage: http://localhost:3000
[Test worker] INFO com.ecommerce.hooks.Hooks - Finishing scenario: Search for different product categories - Status: UNDEFINED
[Test worker] INFO com.ecommerce.utils.DriverManager - Closing Selenium WebDriver
[Test worker] INFO com.ecommerce.hooks.Hooks - Starting scenario: Search for different product categories
[Test worker] INFO com.ecommerce.utils.DriverManager - Initializing Selenium WebDriver with browser: chrome, headless: false
[Test worker] INFO io.github.bonigarcia.wdm.WebDriverManager - Using chromedriver 138.0.7204.157 (resolved driver for Chrome 138)
[Test worker] INFO io.github.bonigarcia.wdm.WebDriverManager - Exporting webdriver.chrome.driver as C:\Users\Geo NZXT\.cache\selenium\chromedriver\win64\138.0.7204.157\chromedriver.exe
[Test worker] INFO com.ecommerce.utils.DriverManager - Selenium WebDriver initialized successfully
[Test worker] INFO com.ecommerce.pageObjects.HomePage - Navigating to homepage: http://localhost:3000
[Test worker] INFO com.ecommerce.hooks.Hooks - Finishing scenario: Search for different product categories - Status: UNDEFINED
[Test worker] INFO com.ecommerce.utils.DriverManager - Closing Selenium WebDriver
</pre>
</span>
</div>
</div>
<div id="footer">
<p>
<div>
<label class="hidden" id="label-for-line-wrapping-toggle" for="line-wrapping-toggle">Wrap lines
<input id="line-wrapping-toggle" type="checkbox" autocomplete="off"/>
</label>
</div>Generated by 
<a href="http://www.gradle.org">Gradle 8.5</a> at Jul 19, 2025, 6:55:01 AM</p>
</div>
</div>
</body>
</html>
